<?xml version="1.0" encoding="UTF-8"?>
<testng-results skipped="0" failed="0" total="0" passed="0">
  <reporter-output>
  </reporter-output>
  <suite name="com.sidd.bd.RunCalculatorTest" duration-ms="6" started-at="2018-07-05T03:30:06Z" finished-at="2018-07-05T03:30:06Z">
    <groups>
    </groups>
    <test name="Command line test" duration-ms="6" started-at="2018-07-05T03:30:06Z" finished-at="2018-07-05T03:30:06Z">
    </test> <!-- Command line test -->
  </suite> <!-- com.sidd.bd.RunCalculatorTest -->
</testng-results>
